<?xml version="1.0" encoding="UTF-8"?>
<!-- Generated by org.testng.reporters.JUnitXMLReporter -->
<testsuite ignored="1" hostname="LAPTOP-MBB97ED5" failures="0" tests="16" name="Test" time="72.653" errors="0" timestamp="2023-07-04T09:56:44 EDT">
  <testcase classname="com.tutorialsninja.qa.testcases.LoginTest" name="verifyLogInWithInvalidCredentials" time="1.343"/>
  <testcase classname="com.tutorialsninja.qa.testcases.LoginTest" name="verifyLogInWithValidEmailInvalidPassword" time="1.415"/>
  <testcase classname="com.tutorialsninja.qa.testcases.LoginTest" name="verifyLogInWithInvalidEmailValidPassword" time="1.367"/>
  <testcase classname="com.tutorialsninja.qa.testcases.LoginTest" name="verifyLoginWithNoCredentials" time="1.331"/>
  <testcase classname="com.tutorialsninja.qa.testcases.CustomerServiceTest" name="contactforService" time="2.207"/>
  <testcase classname="com.tutorialsninja.qa.testcases.HomePageVerificationTest" name="verifyHomePageTitle" time="0.008"/>
  <testcase classname="com.tutorialsninja.qa.testcases.HomePageVerificationTest" name="verifyHomePageCart" time="0.078"/>
  <testcase classname="com.tutorialsninja.qa.testcases.HomePageVerificationTest" name="verifyClickOnAhomePageLink" time="0.738"/>
  <testcase classname="com.tutorialsninja.qa.testcases.AddProductToCartTest" name="Checkout" time="4.538"/>
  <testcase classname="com.tutorialsninja.qa.testcases.RegisterTest" name="registerAccountWithMandatoryFields" time="2.147"/>
  <testcase classname="com.tutorialsninja.qa.testcases.RegisterTest" name="registerAccountWithExistingEmail" time="1.765"/>
  <testcase classname="com.tutorialsninja.qa.testcases.RegisterTest" name="registerAccountWithAllFields" time="2.24"/>
  <testcase classname="com.tutorialsninja.qa.testcases.RegisterTest" name="registerAccountWithNoFields" time="1.436"/>
  <testcase classname="com.tutorialsninja.qa.testcases.SearchProductTest" name="searchWithValidProduct" time="0.868"/>
  <testcase classname="com.tutorialsninja.qa.testcases.SearchProductTest" name="searchWithInvalidProduct" time="1.082"/>
  <testcase classname="com.tutorialsninja.qa.testcases.SearchProductTest" name="searchWithNoProduct" time="0.833"/>
  <testcase classname="com.tutorialsninja.qa.testcases.LoginTest" name="verifyLogInWithValidCredentials" time="0.0">
    <ignored/>
  </testcase> <!-- verifyLogInWithValidCredentials -->
</testsuite> <!-- Test -->
